<?xml version="1.0" encoding="UTF-8"?>
<robot generator="Robot 6.1.1 (Python 3.11.8 on win32)" generated="20240527 20:49:17.959" rpa="true" schemaversion="4">
<suite id="s1" name="Test" source="C:\Users\Nirmal\Documents\Robocorp\Altice\test.robot">
<test id="s1-t1" name="Tasks" line="10">
<kw name="Process Exists">
<kw name="Log To Console" library="BuiltIn">
<arg>*******************************************Test run*****************************</arg>
<doc>Logs the given message to the console.</doc>
<status status="PASS" starttime="20240527 20:49:20.114" endtime="20240527 20:49:20.116"/>
</kw>
<status status="PASS" starttime="20240527 20:49:20.114" endtime="20240527 20:49:20.116"/>
</kw>
<status status="PASS" starttime="20240527 20:49:20.113" endtime="20240527 20:49:20.117"/>
</test>
<status status="PASS" starttime="20240527 20:49:17.971" endtime="20240527 20:49:20.119"/>
</suite>
<statistics>
<total>
<stat pass="1" fail="0" skip="0">All Tasks</stat>
</total>
<tag>
</tag>
<suite>
<stat pass="1" fail="0" skip="0" id="s1" name="Test">Test</stat>
</suite>
</statistics>
<errors>
</errors>
</robot>
